<?xml version="1.0" encoding="UTF-8"?>
<!-- Generated by org.testng.reporters.JUnitXMLReporter -->
<testsuite ignored="1" hostname="DESKTOP-F7B0BRF" failures="0" tests="5" name="Personal Loan" time="0.111" errors="0" timestamp="2024-03-24T22:40:48 IST">
  <testcase classname="test.day1" name="Demo" time="0.017"/>
  <testcase classname="test.day2" name="Plan" time="0.005"/>
  <testcase classname="test.day4" name="LoginAPIHomeLoan" time="0.005"/>
  <testcase classname="test.day4" name="MobileLoginHomeLoan" time="0.007"/>
  <testcase classname="test.day4" name="WebloginHomeLoan" time="0.006"/>
  <testcase classname="test.day1" name="Demo2" time="0.0">
    <ignored/>
  </testcase> <!-- Demo2 -->
</testsuite> <!-- Personal Loan -->
