<?xml version="1.0" encoding="UTF-8"?>
<!-- Generated by org.testng.reporters.JUnitXMLReporter -->
<testsuite ignored="1" hostname="DESKTOP-F7B0BRF" failures="0" tests="6" name="Default test" time="0.074" errors="0" timestamp="2024-03-24T14:09:07 IST">
  <testcase classname="test.day3" name="MobileLoginCarLoan" time="0.005"/>
  <testcase classname="test.day3" name="MobileSignIn" time="0.002"/>
  <testcase classname="test.day3" name="MobileSignIn" time="0.002"/>
  <testcase classname="test.day3" name="MobileSignIn" time="0.003"/>
  <testcase classname="test.day3" name="WebloginCarLoan" time="0.004"/>
  <testcase classname="test.day3" name="LoginAPICarLoan" time="0.002"/>
  <testcase classname="test.day3" name="MobileSignOut" time="0.0">
    <ignored/>
  </testcase> <!-- MobileSignOut -->
</testsuite> <!-- Default test -->
