<?xml version="1.0" encoding="UTF-8"?>
<!-- Generated by org.testng.reporters.JUnitXMLReporter -->
<testsuite ignored="0" hostname="DESKTOP-F7B0BRF" failures="0" tests="2" name="error validation test" time="28.363" errors="0" timestamp="16 Apr 2024 11:43:44 GMT">
  <testcase classname="Dipanjana.tests.ErrorValidationsTest" name="LoginErrorValidation" time="1.046"/>
  <testcase classname="Dipanjana.tests.ErrorValidationsTest" name="ProductErrorValidation" time="19.703"/>
</testsuite> <!-- error validation test -->
