<?xml version="1.0" encoding="UTF-8"?>
<!-- Generated by org.testng.reporters.JUnitXMLReporter -->
<testsuite ignored="1" hostname="DESKTOP-F7B0BRF" failures="0" tests="1" name="error validation test" time="20.925" errors="0" timestamp="18 Apr 2024 12:05:50 GMT">
  <testcase classname="Dipanjana.tests.ErrorValidationsTest" name="LoginErrorValidation" time="9.409"/>
  <testcase classname="Dipanjana.tests.ErrorValidationsTest" name="ProductErrorValidation" time="0.0">
    <ignored/>
  </testcase> <!-- ProductErrorValidation -->
</testsuite> <!-- error validation test -->
