<?xml version="1.0" encoding="UTF-8"?>
<!-- Generated by org.testng.reporters.JUnitXMLReporter -->
<testsuite ignored="2" hostname="DESKTOP-F7B0BRF" failures="0" tests="0" time="26.02" errors="0" timestamp="18 Apr 2024 12:05:55 GMT">
  <testcase classname="Dipanjana.tests.SubmitOrderTest" name="submitOrder" time="0.0">
    <ignored/>
  </testcase> <!-- submitOrder -->
  <testcase classname="Dipanjana.tests.SubmitOrderTest" name="OrderHistoryTest" time="0.0">
    <ignored/>
  </testcase> <!-- OrderHistoryTest -->
</testsuite>
