<?xml version="1.0" encoding="UTF-8"?>
<testng-results ignored="0" total="1" passed="1" failed="0" skipped="0">
  <reporter-output>
  </reporter-output>
  <suite started-at="2024-04-15T17:46:34 IST" name="Default suite" finished-at="2024-04-15T17:46:42 IST" duration-ms="7829">
    <groups>
    </groups>
    <test started-at="2024-04-15T17:46:34 IST" name="Default test" finished-at="2024-04-15T17:46:42 IST" duration-ms="7829">
      <class name="Dipanjana.ExtendReports.ExtentReportDemo">
        <test-method is-config="true" signature="config()[pri:0, instance:Dipanjana.ExtendReports.ExtentReportDemo@60099951]" started-at="2024-04-15T17:46:34 IST" name="config" finished-at="2024-04-15T17:46:34 IST" duration-ms="287" status="PASS">
          <reporter-output>
          </reporter-output>
        </test-method> <!-- config -->
        <test-method signature="initialization()[pri:0, instance:Dipanjana.ExtendReports.ExtentReportDemo@60099951]" started-at="2024-04-15T17:46:34 IST" name="initialization" finished-at="2024-04-15T17:46:42 IST" duration-ms="7493" status="PASS">
          <reporter-output>
          </reporter-output>
        </test-method> <!-- initialization -->
      </class> <!-- Dipanjana.ExtendReports.ExtentReportDemo -->
    </test> <!-- Default test -->
  </suite> <!-- Default suite -->
</testng-results>
