<?xml version="1.0" encoding="UTF-8"?>
<testng-results total="1" passed="1" failed="0" skipped="0">
  <reporter-output>
  </reporter-output>
  <suite started-at="2024-03-19T07:20:36Z" name="Default suite" finished-at="2024-03-19T07:20:36Z" duration-ms="76">
    <groups>
    </groups>
    <test started-at="2024-03-19T07:20:36Z" name="Default test" finished-at="2024-03-19T07:20:36Z" duration-ms="76">
      <class name="test2">
        <test-method signature="streamFilter()[pri:0, instance:test2@1583741e]" started-at="2024-03-19T12:50:36Z" name="streamFilter" finished-at="2024-03-19T12:50:36Z" duration-ms="37" status="PASS">
          <reporter-output>
          </reporter-output>
        </test-method> <!-- streamFilter -->
      </class> <!-- test2 -->
    </test> <!-- Default test -->
  </suite> <!-- Default suite -->
</testng-results>
